

*******************************************************************************
Fri Mar 13 23:58:44 2015


FIT:    data read from 'heizenAl.dat' u 1:(T($2)):(U($2)*V)
        format = x:z:s
        #datapoints = 7
function used for fitting: A(x)
	A(x)=a*x+b
fitted parameters initialized with current variable values

iter      chisq       delta/lim  lambda   a             b            
   0 1.2401182840e+05  0.00e+00 3.87e+00  1.000000e+00  1.000000e+00
   4 3.7556560958e+00 -3.72e-05 3.87e-04  1.817270e+01  2.236047e+01

After 4 iterations the fit converged.
final sum of squares of residuals : 3.75566
rel. change during last iteration : -3.72298e-010

degrees of freedom    (FIT_NDF)                        : 5
rms of residuals      (FIT_STDFIT) = sqrt(WSSR/ndf)    : 0.866678
variance of residuals (reduced chisquare) = WSSR/ndf   : 0.751131
p-value of the Chisq distribution (FIT_P)              : 0.585104

Final set of parameters            Asymptotic Standard Error
=======================            ==========================
a               = 18.1727          +/- 0.1254       (0.6903%)
b               = 22.3605          +/- 0.2309       (1.033%)

correlation matrix of the fit parameters:
                a      b      
a               1.000 
b              -0.840  1.000 


*******************************************************************************
Fri Mar 13 23:58:44 2015


FIT:    data read from 'heizenBe.dat' u 1:(T($2)):(U($2)*V)
        format = x:z:s
        #datapoints = 11
function used for fitting: C(x)
	C(x)=c*x+d
fitted parameters initialized with current variable values

iter      chisq       delta/lim  lambda   c             d            
   0 1.6434684716e+05  0.00e+00 5.86e+00  1.000000e+00  1.000000e+00
   4 7.3997037229e+00 -2.16e-04 5.86e-04  1.130793e+01  1.847285e+01

After 4 iterations the fit converged.
final sum of squares of residuals : 7.3997
rel. change during last iteration : -2.16487e-009

degrees of freedom    (FIT_NDF)                        : 9
rms of residuals      (FIT_STDFIT) = sqrt(WSSR/ndf)    : 0.906747
variance of residuals (reduced chisquare) = WSSR/ndf   : 0.822189
p-value of the Chisq distribution (FIT_P)              : 0.595579

Final set of parameters            Asymptotic Standard Error
=======================            ==========================
c               = 11.3079          +/- 0.06646      (0.5877%)
d               = 18.4729          +/- 0.2006       (1.086%)

correlation matrix of the fit parameters:
                c      d      
c               1.000 
d              -0.852  1.000 


*******************************************************************************
Fri Mar 13 23:58:44 2015


FIT:    data read from 'kuehlenAl.dat' u 1:(log(T($2))):(U($2)*V/T($2))
        format = x:z:s
        #datapoints = 20
function used for fitting: E(x)
	E(x)=e*x+f
fitted parameters initialized with current variable values

iter      chisq       delta/lim  lambda   e             f            
   0 6.0836549115e+06  0.00e+00 6.52e+02  1.000000e+00  1.000000e+00
   4 1.4471032247e+01 -3.80e-01 6.52e-02 -3.749223e-02  4.328811e+00

After 4 iterations the fit converged.
final sum of squares of residuals : 14.471
rel. change during last iteration : -3.80495e-006

degrees of freedom    (FIT_NDF)                        : 18
rms of residuals      (FIT_STDFIT) = sqrt(WSSR/ndf)    : 0.89663
variance of residuals (reduced chisquare) = WSSR/ndf   : 0.803946
p-value of the Chisq distribution (FIT_P)              : 0.69791

Final set of parameters            Asymptotic Standard Error
=======================            ==========================
e               = -0.0374922       +/- 0.0004188    (1.117%)
f               = 4.32881          +/- 0.002262     (0.05225%)

correlation matrix of the fit parameters:
                e      f      
e               1.000 
f              -0.849  1.000 


*******************************************************************************
Fri Mar 13 23:58:44 2015


FIT:    data read from 'kuehlenBe.dat' u 1:(log(T($2))):(U($2)*V/T($2))
        format = x:z:s
        #datapoints = 21
function used for fitting: G(x)
	G(x)=g*x+h
fitted parameters initialized with current variable values

iter      chisq       delta/lim  lambda   g             h            
   0 8.0706830072e+06  0.00e+00 7.26e+02  1.000000e+00  1.000000e+00
   4 9.5574905312e+00 -4.72e-01 7.26e-02 -2.274662e-02  4.342827e+00

After 4 iterations the fit converged.
final sum of squares of residuals : 9.55749
rel. change during last iteration : -4.72334e-006

degrees of freedom    (FIT_NDF)                        : 19
rms of residuals      (FIT_STDFIT) = sqrt(WSSR/ndf)    : 0.709243
variance of residuals (reduced chisquare) = WSSR/ndf   : 0.503026
p-value of the Chisq distribution (FIT_P)              : 0.963031

Final set of parameters            Asymptotic Standard Error
=======================            ==========================
g               = -0.0227466       +/- 0.0002774    (1.22%)
h               = 4.34283          +/- 0.001515     (0.03488%)

correlation matrix of the fit parameters:
                g      h      
g               1.000 
h              -0.833  1.000 


*******************************************************************************
Fri Mar 13 23:58:44 2015


FIT:    data read from 'StickstoffAlHeizen.dat' u 1:(T($2)):(U($2)*V)
        format = x:z:s
        #datapoints = 31
function used for fitting: I(x)
	I(x)=i*x+j
fitted parameters initialized with current variable values

iter      chisq       delta/lim  lambda   i             j            
   0 2.2966620238e+06  0.00e+00 1.29e+01  1.000000e+00  1.000000e+00
   5 1.3071953672e+01 -1.54e-09 1.29e-04  4.490758e+00 -1.595334e+02

After 5 iterations the fit converged.
final sum of squares of residuals : 13.072
rel. change during last iteration : -1.53556e-014

degrees of freedom    (FIT_NDF)                        : 29
rms of residuals      (FIT_STDFIT) = sqrt(WSSR/ndf)    : 0.671384
variance of residuals (reduced chisquare) = WSSR/ndf   : 0.450757
p-value of the Chisq distribution (FIT_P)              : 0.995159

Final set of parameters            Asymptotic Standard Error
=======================            ==========================
i               = 4.49076          +/- 0.01332      (0.2965%)
j               = -159.533         +/- 0.1193       (0.0748%)

correlation matrix of the fit parameters:
                i      j      
i               1.000 
j              -0.867  1.000 


*******************************************************************************
Fri Mar 13 23:58:45 2015


FIT:    data read from 'StickstoffBeHeizen.dat' u 1:(T($2)):(U($2)*V)
        format = x:z:s
        #datapoints = 31
function used for fitting: K(x)
	K(x)=k*x+l
fitted parameters initialized with current variable values

iter      chisq       delta/lim  lambda   k             l            
   0 2.2388686183e+06  0.00e+00 1.31e+01  1.000000e+00  1.000000e+00
   4 2.5571782842e+03 -2.29e-02 1.31e-03  6.526781e+00 -1.721738e+02

After 4 iterations the fit converged.
final sum of squares of residuals : 2557.18
rel. change during last iteration : -2.29139e-007

degrees of freedom    (FIT_NDF)                        : 29
rms of residuals      (FIT_STDFIT) = sqrt(WSSR/ndf)    : 9.39034
variance of residuals (reduced chisquare) = WSSR/ndf   : 88.1786
p-value of the Chisq distribution (FIT_P)              : 0

Final set of parameters            Asymptotic Standard Error
=======================            ==========================
k               = 6.52678          +/- 0.1866       (2.859%)
l               = -172.174         +/- 1.689        (0.9809%)

correlation matrix of the fit parameters:
                k      l      
k               1.000 
l              -0.872  1.000 


*******************************************************************************
Fri Mar 13 23:58:45 2015


FIT:    data read from 'StickstoffAlKuehlen.dat' u 1:(log(T($2))):(U($2)*V/T($2))
        format = x:z:s
        #datapoints = 20
function used for fitting: M(x)
	M(x)=m*x+n
fitted parameters initialized with current variable values

iter      chisq       delta/lim  lambda   m             n            
   0 1.0594036375e+08  0.00e+00 2.20e+03  1.000000e+00  1.000000e+00
   5 3.5860757875e+02 -4.73e-08 2.20e-02  1.739992e-02  4.589646e+00

After 5 iterations the fit converged.
final sum of squares of residuals : 358.608
rel. change during last iteration : -4.73157e-013

degrees of freedom    (FIT_NDF)                        : 18
rms of residuals      (FIT_STDFIT) = sqrt(WSSR/ndf)    : 4.46348
variance of residuals (reduced chisquare) = WSSR/ndf   : 19.9226
p-value of the Chisq distribution (FIT_P)              : 0

Final set of parameters            Asymptotic Standard Error
=======================            ==========================
m               = 0.0173999        +/- 0.0007269    (4.178%)
n               = 4.58965          +/- 0.009279     (0.2022%)

correlation matrix of the fit parameters:
                m      n      
m               1.000 
n              -0.897  1.000 


*******************************************************************************
Fri Mar 13 23:58:45 2015


FIT:    data read from 'StickstoffBeKuehlen.dat' u 1:(log(T($2))):(U($2)*V/T($2))
        format = x:z:s
        #datapoints = 21
function used for fitting: O(x)
	O(x)=o*x+p
fitted parameters initialized with current variable values

iter      chisq       delta/lim  lambda   o             p            
   0 1.3315719145e+07  0.00e+00 1.07e+03  1.000000e+00  1.000000e+00
   4 3.6183188743e+02 -3.45e-01 1.07e-01  5.241493e-02  4.437178e+00

After 4 iterations the fit converged.
final sum of squares of residuals : 361.832
rel. change during last iteration : -3.45315e-006

degrees of freedom    (FIT_NDF)                        : 19
rms of residuals      (FIT_STDFIT) = sqrt(WSSR/ndf)    : 4.36392
variance of residuals (reduced chisquare) = WSSR/ndf   : 19.0438
p-value of the Chisq distribution (FIT_P)              : 0

Final set of parameters            Asymptotic Standard Error
=======================            ==========================
o               = 0.0524149        +/- 0.001411     (2.691%)
p               = 4.43718          +/- 0.009149     (0.2062%)

correlation matrix of the fit parameters:
                o      p      
o               1.000 
p              -0.893  1.000 


*******************************************************************************
Sat Mar 14 00:01:18 2015


FIT:    data read from 'heizenAl.dat' u 1:(T($2)):(U($2)*V)
        format = x:z:s
        #datapoints = 7
function used for fitting: A(x)
	A(x)=a*x+b
fitted parameters initialized with current variable values

iter      chisq       delta/lim  lambda   a             b            
   0 3.7556560958e+00  0.00e+00 7.44e+01  1.817270e+01  2.236047e+01
   1 3.7556560958e+00 -9.46e-11 7.44e+00  1.817270e+01  2.236047e+01

After 1 iterations the fit converged.
final sum of squares of residuals : 3.75566
rel. change during last iteration : -9.45964e-016

degrees of freedom    (FIT_NDF)                        : 5
rms of residuals      (FIT_STDFIT) = sqrt(WSSR/ndf)    : 0.866678
variance of residuals (reduced chisquare) = WSSR/ndf   : 0.751131
p-value of the Chisq distribution (FIT_P)              : 0.585104

Final set of parameters            Asymptotic Standard Error
=======================            ==========================
a               = 18.1727          +/- 0.1254       (0.6903%)
b               = 22.3605          +/- 0.2309       (1.033%)

correlation matrix of the fit parameters:
                a      b      
a               1.000 
b              -0.840  1.000 


*******************************************************************************
Sat Mar 14 00:01:18 2015


FIT:    data read from 'heizenBe.dat' u 1:(T($2)):(U($2)*V)
        format = x:z:s
        #datapoints = 11
function used for fitting: C(x)
	C(x)=c*x+d
fitted parameters initialized with current variable values

iter      chisq       delta/lim  lambda   c             d            
   0 7.3997037229e+00  0.00e+00 7.15e+01  1.130793e+01  1.847285e+01
   1 7.3997037229e+00 -2.52e-10 7.15e+01  1.130793e+01  1.847285e+01

After 1 iterations the fit converged.
final sum of squares of residuals : 7.3997
rel. change during last iteration : -2.52061e-015

degrees of freedom    (FIT_NDF)                        : 9
rms of residuals      (FIT_STDFIT) = sqrt(WSSR/ndf)    : 0.906747
variance of residuals (reduced chisquare) = WSSR/ndf   : 0.822189
p-value of the Chisq distribution (FIT_P)              : 0.595579

Final set of parameters            Asymptotic Standard Error
=======================            ==========================
c               = 11.3079          +/- 0.06646      (0.5877%)
d               = 18.4729          +/- 0.2006       (1.086%)

correlation matrix of the fit parameters:
                c      d      
c               1.000 
d              -0.852  1.000 


*******************************************************************************
Sat Mar 14 00:01:18 2015


FIT:    data read from 'kuehlenAl.dat' u 1:(log(T($2))):(U($2)*V/T($2))
        format = x:z:s
        #datapoints = 20
function used for fitting: E(x)
	E(x)=e*x+f
fitted parameters initialized with current variable values

iter      chisq       delta/lim  lambda   e             f            
   0 1.4471032247e+01  0.00e+00 5.14e+02 -3.749223e-02  4.328811e+00
   1 1.4471032247e+01 -1.26e-09 5.14e+02 -3.749223e-02  4.328811e+00

After 1 iterations the fit converged.
final sum of squares of residuals : 14.471
rel. change during last iteration : -1.26435e-014

degrees of freedom    (FIT_NDF)                        : 18
rms of residuals      (FIT_STDFIT) = sqrt(WSSR/ndf)    : 0.89663
variance of residuals (reduced chisquare) = WSSR/ndf   : 0.803946
p-value of the Chisq distribution (FIT_P)              : 0.69791

Final set of parameters            Asymptotic Standard Error
=======================            ==========================
e               = -0.0374922       +/- 0.0004188    (1.117%)
f               = 4.32881          +/- 0.002262     (0.05225%)

correlation matrix of the fit parameters:
                e      f      
e               1.000 
f              -0.849  1.000 


*******************************************************************************
Sat Mar 14 00:01:18 2015


FIT:    data read from 'kuehlenBe.dat' u 1:(log(T($2))):(U($2)*V/T($2))
        format = x:z:s
        #datapoints = 21
function used for fitting: G(x)
	G(x)=g*x+h
fitted parameters initialized with current variable values

iter      chisq       delta/lim  lambda   g             h            
   0 9.5574905312e+00  0.00e+00 5.68e+02 -2.274662e-02  4.342827e+00
   1 9.5574905312e+00 -1.52e-09 5.68e+02 -2.274662e-02  4.342827e+00

After 1 iterations the fit converged.
final sum of squares of residuals : 9.55749
rel. change during last iteration : -1.52405e-014

degrees of freedom    (FIT_NDF)                        : 19
rms of residuals      (FIT_STDFIT) = sqrt(WSSR/ndf)    : 0.709243
variance of residuals (reduced chisquare) = WSSR/ndf   : 0.503026
p-value of the Chisq distribution (FIT_P)              : 0.963031

Final set of parameters            Asymptotic Standard Error
=======================            ==========================
g               = -0.0227466       +/- 0.0002774    (1.22%)
h               = 4.34283          +/- 0.001515     (0.03488%)

correlation matrix of the fit parameters:
                g      h      
g               1.000 
h              -0.833  1.000 


*******************************************************************************
Sat Mar 14 00:01:18 2015


FIT:    data read from 'StickstoffAlHeizen.dat' u 1:(T($2)):(U($2)*V)
        format = x:z:s
        #datapoints = 31
function used for fitting: I(x)
	I(x)=i*x+j
fitted parameters initialized with current variable values

iter      chisq       delta/lim  lambda   i             j            
   0 1.3071953672e+01  0.00e+00 2.36e+02  4.490758e+00 -1.595334e+02
   1 1.3071953672e+01 -1.36e-10 2.36e+01  4.490758e+00 -1.595334e+02

After 1 iterations the fit converged.
final sum of squares of residuals : 13.072
rel. change during last iteration : -1.35891e-015

degrees of freedom    (FIT_NDF)                        : 29
rms of residuals      (FIT_STDFIT) = sqrt(WSSR/ndf)    : 0.671384
variance of residuals (reduced chisquare) = WSSR/ndf   : 0.450757
p-value of the Chisq distribution (FIT_P)              : 0.995159

Final set of parameters            Asymptotic Standard Error
=======================            ==========================
i               = 4.49076          +/- 0.01332      (0.2965%)
j               = -159.533         +/- 0.1193       (0.0748%)

correlation matrix of the fit parameters:
                i      j      
i               1.000 
j              -0.867  1.000 


*******************************************************************************
Sat Mar 14 00:01:18 2015


FIT:    data read from 'StickstoffBeHeizen.dat' u 1:(T($2)):(U($2)*V)
        format = x:z:s
        #datapoints = 31
function used for fitting: K(x)
	K(x)=k*x+l
fitted parameters initialized with current variable values

iter      chisq       delta/lim  lambda   k             l            
   0 2.5571782842e+03  0.00e+00 2.62e+02  6.526781e+00 -1.721738e+02
   1 2.5571782842e+03 -8.89e-11 2.62e+01  6.526781e+00 -1.721738e+02

After 1 iterations the fit converged.
final sum of squares of residuals : 2557.18
rel. change during last iteration : -8.89158e-016

degrees of freedom    (FIT_NDF)                        : 29
rms of residuals      (FIT_STDFIT) = sqrt(WSSR/ndf)    : 9.39034
variance of residuals (reduced chisquare) = WSSR/ndf   : 88.1786
p-value of the Chisq distribution (FIT_P)              : 0

Final set of parameters            Asymptotic Standard Error
=======================            ==========================
k               = 6.52678          +/- 0.1866       (2.859%)
l               = -172.174         +/- 1.689        (0.9809%)

correlation matrix of the fit parameters:
                k      l      
k               1.000 
l              -0.872  1.000 


*******************************************************************************
Sat Mar 14 00:01:18 2015


FIT:    data read from 'StickstoffAlKuehlen.dat' u 1:(log(T($2))):(U($2)*V/T($2))
        format = x:z:s
        #datapoints = 20
function used for fitting: M(x)
	M(x)=m*x+n
fitted parameters initialized with current variable values

iter      chisq       delta/lim  lambda   m             n            
   0 3.5860757875e+02  0.00e+00 7.91e+02  1.739992e-02  4.589646e+00
   1 3.5860757875e+02  0.00e+00 7.91e+02  1.739992e-02  4.589646e+00

After 1 iterations the fit converged.
final sum of squares of residuals : 358.608
rel. change during last iteration : 0

degrees of freedom    (FIT_NDF)                        : 18
rms of residuals      (FIT_STDFIT) = sqrt(WSSR/ndf)    : 4.46348
variance of residuals (reduced chisquare) = WSSR/ndf   : 19.9226
p-value of the Chisq distribution (FIT_P)              : 0

Final set of parameters            Asymptotic Standard Error
=======================            ==========================
m               = 0.0173999        +/- 0.0007269    (4.178%)
n               = 4.58965          +/- 0.009279     (0.2022%)

correlation matrix of the fit parameters:
                m      n      
m               1.000 
n              -0.897  1.000 


*******************************************************************************
Sat Mar 14 00:01:18 2015


FIT:    data read from 'StickstoffBeKuehlen.dat' u 1:(log(T($2))):(U($2)*V/T($2))
        format = x:z:s
        #datapoints = 21
function used for fitting: O(x)
	O(x)=o*x+p
fitted parameters initialized with current variable values

iter      chisq       delta/lim  lambda   o             p            
   0 3.6183188743e+02  0.00e+00 7.28e+02  5.241493e-02  4.437178e+00
   1 3.6183188743e+02  0.00e+00 7.28e+03  5.241493e-02  4.437178e+00

After 1 iterations the fit converged.
final sum of squares of residuals : 361.832
rel. change during last iteration : 0

degrees of freedom    (FIT_NDF)                        : 19
rms of residuals      (FIT_STDFIT) = sqrt(WSSR/ndf)    : 4.36392
variance of residuals (reduced chisquare) = WSSR/ndf   : 19.0438
p-value of the Chisq distribution (FIT_P)              : 0

Final set of parameters            Asymptotic Standard Error
=======================            ==========================
o               = 0.0524149        +/- 0.001411     (2.691%)
p               = 4.43718          +/- 0.009149     (0.2062%)

correlation matrix of the fit parameters:
                o      p      
o               1.000 
p              -0.893  1.000 


*******************************************************************************
Sat Mar 14 00:01:48 2015


FIT:    data read from 'heizenAl.dat' u 1:(T($2)):(U($2)*V)
        format = x:z:s
        #datapoints = 7
function used for fitting: A(x)
	A(x)=a*x+b
fitted parameters initialized with current variable values

iter      chisq       delta/lim  lambda   a             b            
   0 3.7556560958e+00  0.00e+00 7.44e+01  1.817270e+01  2.236047e+01
   1 3.7556560958e+00  0.00e+00 7.44e+02  1.817270e+01  2.236047e+01

After 1 iterations the fit converged.
final sum of squares of residuals : 3.75566
rel. change during last iteration : 0

degrees of freedom    (FIT_NDF)                        : 5
rms of residuals      (FIT_STDFIT) = sqrt(WSSR/ndf)    : 0.866678
variance of residuals (reduced chisquare) = WSSR/ndf   : 0.751131
p-value of the Chisq distribution (FIT_P)              : 0.585104

Final set of parameters            Asymptotic Standard Error
=======================            ==========================
a               = 18.1727          +/- 0.1254       (0.6903%)
b               = 22.3605          +/- 0.2309       (1.033%)

correlation matrix of the fit parameters:
                a      b      
a               1.000 
b              -0.840  1.000 


*******************************************************************************
Sat Mar 14 00:01:48 2015


FIT:    data read from 'heizenBe.dat' u 1:(T($2)):(U($2)*V)
        format = x:z:s
        #datapoints = 11
function used for fitting: C(x)
	C(x)=c*x+d
fitted parameters initialized with current variable values

iter      chisq       delta/lim  lambda   c             d            
   0 7.3997037229e+00  0.00e+00 7.15e+01  1.130793e+01  1.847285e+01
   1 7.3997037229e+00 -6.12e-10 7.15e+01  1.130793e+01  1.847285e+01

After 1 iterations the fit converged.
final sum of squares of residuals : 7.3997
rel. change during last iteration : -6.12147e-015

degrees of freedom    (FIT_NDF)                        : 9
rms of residuals      (FIT_STDFIT) = sqrt(WSSR/ndf)    : 0.906747
variance of residuals (reduced chisquare) = WSSR/ndf   : 0.822189
p-value of the Chisq distribution (FIT_P)              : 0.595579

Final set of parameters            Asymptotic Standard Error
=======================            ==========================
c               = 11.3079          +/- 0.06646      (0.5877%)
d               = 18.4729          +/- 0.2006       (1.086%)

correlation matrix of the fit parameters:
                c      d      
c               1.000 
d              -0.852  1.000 


*******************************************************************************
Sat Mar 14 00:01:49 2015


FIT:    data read from 'kuehlenAl.dat' u 1:(log(T($2))):(U($2)*V/T($2))
        format = x:z:s
        #datapoints = 20
function used for fitting: E(x)
	E(x)=e*x+f
fitted parameters initialized with current variable values

iter      chisq       delta/lim  lambda   e             f            
   0 1.4471032247e+01  0.00e+00 5.14e+02 -3.749223e-02  4.328811e+00
   1 1.4471032247e+01 -1.51e-09 5.14e+01 -3.749223e-02  4.328811e+00

After 1 iterations the fit converged.
final sum of squares of residuals : 14.471
rel. change during last iteration : -1.50986e-014

degrees of freedom    (FIT_NDF)                        : 18
rms of residuals      (FIT_STDFIT) = sqrt(WSSR/ndf)    : 0.89663
variance of residuals (reduced chisquare) = WSSR/ndf   : 0.803946
p-value of the Chisq distribution (FIT_P)              : 0.69791

Final set of parameters            Asymptotic Standard Error
=======================            ==========================
e               = -0.0374922       +/- 0.0004188    (1.117%)
f               = 4.32881          +/- 0.002262     (0.05225%)

correlation matrix of the fit parameters:
                e      f      
e               1.000 
f              -0.849  1.000 


*******************************************************************************
Sat Mar 14 00:01:49 2015


FIT:    data read from 'kuehlenBe.dat' u 1:(log(T($2))):(U($2)*V/T($2))
        format = x:z:s
        #datapoints = 21
function used for fitting: G(x)
	G(x)=g*x+h
fitted parameters initialized with current variable values

iter      chisq       delta/lim  lambda   g             h            
   0 9.5574905312e+00  0.00e+00 5.68e+02 -2.274662e-02  4.342827e+00
   1 9.5574905312e+00 -8.36e-10 5.68e+03 -2.274662e-02  4.342827e+00

After 1 iterations the fit converged.
final sum of squares of residuals : 9.55749
rel. change during last iteration : -8.36371e-015

degrees of freedom    (FIT_NDF)                        : 19
rms of residuals      (FIT_STDFIT) = sqrt(WSSR/ndf)    : 0.709243
variance of residuals (reduced chisquare) = WSSR/ndf   : 0.503026
p-value of the Chisq distribution (FIT_P)              : 0.963031

Final set of parameters            Asymptotic Standard Error
=======================            ==========================
g               = -0.0227466       +/- 0.0002774    (1.22%)
h               = 4.34283          +/- 0.001515     (0.03488%)

correlation matrix of the fit parameters:
                g      h      
g               1.000 
h              -0.833  1.000 


*******************************************************************************
Sat Mar 14 00:01:49 2015


FIT:    data read from 'StickstoffAlHeizen.dat' u 1:(T($2)):(U($2)*V)
        format = x:z:s
        #datapoints = 31
function used for fitting: I(x)
	I(x)=i*x+j
fitted parameters initialized with current variable values

iter      chisq       delta/lim  lambda   i             j            
   0 1.3071953672e+01  0.00e+00 2.36e+02  4.490758e+00 -1.595334e+02
   1 1.3071953672e+01  0.00e+00 2.36e+01  4.490758e+00 -1.595334e+02

After 1 iterations the fit converged.
final sum of squares of residuals : 13.072
rel. change during last iteration : 0

degrees of freedom    (FIT_NDF)                        : 29
rms of residuals      (FIT_STDFIT) = sqrt(WSSR/ndf)    : 0.671384
variance of residuals (reduced chisquare) = WSSR/ndf   : 0.450757
p-value of the Chisq distribution (FIT_P)              : 0.995159

Final set of parameters            Asymptotic Standard Error
=======================            ==========================
i               = 4.49076          +/- 0.01332      (0.2965%)
j               = -159.533         +/- 0.1193       (0.0748%)

correlation matrix of the fit parameters:
                i      j      
i               1.000 
j              -0.867  1.000 


*******************************************************************************
Sat Mar 14 00:01:49 2015


FIT:    data read from 'StickstoffBeHeizen.dat' u 1:(T($2)):(U($2)*V)
        format = x:z:s
        #datapoints = 31
function used for fitting: K(x)
	K(x)=k*x+l
fitted parameters initialized with current variable values

iter      chisq       delta/lim  lambda   k             l            
   0 2.5571782842e+03  0.00e+00 2.62e+02  6.526781e+00 -1.721738e+02
   1 2.5571782842e+03  0.00e+00 2.62e+05  6.526781e+00 -1.721738e+02

After 1 iterations the fit converged.
final sum of squares of residuals : 2557.18
rel. change during last iteration : 0

degrees of freedom    (FIT_NDF)                        : 29
rms of residuals      (FIT_STDFIT) = sqrt(WSSR/ndf)    : 9.39034
variance of residuals (reduced chisquare) = WSSR/ndf   : 88.1786
p-value of the Chisq distribution (FIT_P)              : 0

Final set of parameters            Asymptotic Standard Error
=======================            ==========================
k               = 6.52678          +/- 0.1866       (2.859%)
l               = -172.174         +/- 1.689        (0.9809%)

correlation matrix of the fit parameters:
                k      l      
k               1.000 
l              -0.872  1.000 


*******************************************************************************
Sat Mar 14 00:01:49 2015


FIT:    data read from 'StickstoffAlKuehlen.dat' u 1:(log(T($2))):(U($2)*V/T($2))
        format = x:z:s
        #datapoints = 20
function used for fitting: M(x)
	M(x)=m*x+n
fitted parameters initialized with current variable values

iter      chisq       delta/lim  lambda   m             n            
   0 3.5860757875e+02  0.00e+00 7.91e+02  1.739992e-02  4.589646e+00
   1 3.5860757875e+02  0.00e+00 7.91e+02  1.739992e-02  4.589646e+00

After 1 iterations the fit converged.
final sum of squares of residuals : 358.608
rel. change during last iteration : 0

degrees of freedom    (FIT_NDF)                        : 18
rms of residuals      (FIT_STDFIT) = sqrt(WSSR/ndf)    : 4.46348
variance of residuals (reduced chisquare) = WSSR/ndf   : 19.9226
p-value of the Chisq distribution (FIT_P)              : 0

Final set of parameters            Asymptotic Standard Error
=======================            ==========================
m               = 0.0173999        +/- 0.0007269    (4.178%)
n               = 4.58965          +/- 0.009279     (0.2022%)

correlation matrix of the fit parameters:
                m      n      
m               1.000 
n              -0.897  1.000 


*******************************************************************************
Sat Mar 14 00:01:49 2015


FIT:    data read from 'StickstoffBeKuehlen.dat' u 1:(log(T($2))):(U($2)*V/T($2))
        format = x:z:s
        #datapoints = 21
function used for fitting: O(x)
	O(x)=o*x+p
fitted parameters initialized with current variable values

iter      chisq       delta/lim  lambda   o             p            
   0 3.6183188743e+02  0.00e+00 7.28e+02  5.241493e-02  4.437178e+00
   1 3.6183188743e+02 -3.14e-10 7.28e+01  5.241493e-02  4.437178e+00

After 1 iterations the fit converged.
final sum of squares of residuals : 361.832
rel. change during last iteration : -3.14198e-015

degrees of freedom    (FIT_NDF)                        : 19
rms of residuals      (FIT_STDFIT) = sqrt(WSSR/ndf)    : 4.36392
variance of residuals (reduced chisquare) = WSSR/ndf   : 19.0438
p-value of the Chisq distribution (FIT_P)              : 0

Final set of parameters            Asymptotic Standard Error
=======================            ==========================
o               = 0.0524149        +/- 0.001411     (2.691%)
p               = 4.43718          +/- 0.009149     (0.2062%)

correlation matrix of the fit parameters:
                o      p      
o               1.000 
p              -0.893  1.000 


*******************************************************************************
Sat Mar 14 00:13:30 2015


FIT:    data read from 'heizenAl.dat' u 1:(T($2)):(U($2)*V)
        format = x:z:s
        #datapoints = 7
function used for fitting: A(x)
	A(x)=a*x+b
fitted parameters initialized with current variable values

iter      chisq       delta/lim  lambda   a             b            
   0 1.2401182840e+05  0.00e+00 3.87e+00  1.000000e+00  1.000000e+00
   4 3.7556560958e+00 -3.72e-05 3.87e-04  1.817270e+01  2.236047e+01

After 4 iterations the fit converged.
final sum of squares of residuals : 3.75566
rel. change during last iteration : -3.72298e-010

degrees of freedom    (FIT_NDF)                        : 5
rms of residuals      (FIT_STDFIT) = sqrt(WSSR/ndf)    : 0.866678
variance of residuals (reduced chisquare) = WSSR/ndf   : 0.751131
p-value of the Chisq distribution (FIT_P)              : 0.585104

Final set of parameters            Asymptotic Standard Error
=======================            ==========================
a               = 18.1727          +/- 0.1254       (0.6903%)
b               = 22.3605          +/- 0.2309       (1.033%)

correlation matrix of the fit parameters:
                a      b      
a               1.000 
b              -0.840  1.000 


*******************************************************************************
Sat Mar 14 00:13:31 2015


FIT:    data read from 'heizenBe.dat' u 1:(T($2)):(U($2)*V)
        format = x:z:s
        #datapoints = 11
function used for fitting: C(x)
	C(x)=c*x+d
fitted parameters initialized with current variable values

iter      chisq       delta/lim  lambda   c             d            
   0 1.6434684716e+05  0.00e+00 5.86e+00  1.000000e+00  1.000000e+00
   4 7.3997037229e+00 -2.16e-04 5.86e-04  1.130793e+01  1.847285e+01

After 4 iterations the fit converged.
final sum of squares of residuals : 7.3997
rel. change during last iteration : -2.16487e-009

degrees of freedom    (FIT_NDF)                        : 9
rms of residuals      (FIT_STDFIT) = sqrt(WSSR/ndf)    : 0.906747
variance of residuals (reduced chisquare) = WSSR/ndf   : 0.822189
p-value of the Chisq distribution (FIT_P)              : 0.595579

Final set of parameters            Asymptotic Standard Error
=======================            ==========================
c               = 11.3079          +/- 0.06646      (0.5877%)
d               = 18.4729          +/- 0.2006       (1.086%)

correlation matrix of the fit parameters:
                c      d      
c               1.000 
d              -0.852  1.000 


*******************************************************************************
Sat Mar 14 00:13:31 2015


FIT:    data read from 'kuehlenAl.dat' u 1:(log(T($2))):(U($2)*V/T($2))
        format = x:z:s
        #datapoints = 20
function used for fitting: E(x)
	E(x)=e*x+f
fitted parameters initialized with current variable values

iter      chisq       delta/lim  lambda   e             f            
   0 6.0836549115e+06  0.00e+00 6.52e+02  1.000000e+00  1.000000e+00
   4 1.4471032247e+01 -3.80e-01 6.52e-02 -3.749223e-02  4.328811e+00

After 4 iterations the fit converged.
final sum of squares of residuals : 14.471
rel. change during last iteration : -3.80495e-006

degrees of freedom    (FIT_NDF)                        : 18
rms of residuals      (FIT_STDFIT) = sqrt(WSSR/ndf)    : 0.89663
variance of residuals (reduced chisquare) = WSSR/ndf   : 0.803946
p-value of the Chisq distribution (FIT_P)              : 0.69791

Final set of parameters            Asymptotic Standard Error
=======================            ==========================
e               = -0.0374922       +/- 0.0004188    (1.117%)
f               = 4.32881          +/- 0.002262     (0.05225%)

correlation matrix of the fit parameters:
                e      f      
e               1.000 
f              -0.849  1.000 


*******************************************************************************
Sat Mar 14 00:13:31 2015


FIT:    data read from 'kuehlenBe.dat' u 1:(log(T($2))):(U($2)*V/T($2))
        format = x:z:s
        #datapoints = 21
function used for fitting: G(x)
	G(x)=g*x+h
fitted parameters initialized with current variable values

iter      chisq       delta/lim  lambda   g             h            
   0 8.0706830072e+06  0.00e+00 7.26e+02  1.000000e+00  1.000000e+00
   4 9.5574905312e+00 -4.72e-01 7.26e-02 -2.274662e-02  4.342827e+00

After 4 iterations the fit converged.
final sum of squares of residuals : 9.55749
rel. change during last iteration : -4.72334e-006

degrees of freedom    (FIT_NDF)                        : 19
rms of residuals      (FIT_STDFIT) = sqrt(WSSR/ndf)    : 0.709243
variance of residuals (reduced chisquare) = WSSR/ndf   : 0.503026
p-value of the Chisq distribution (FIT_P)              : 0.963031

Final set of parameters            Asymptotic Standard Error
=======================            ==========================
g               = -0.0227466       +/- 0.0002774    (1.22%)
h               = 4.34283          +/- 0.001515     (0.03488%)

correlation matrix of the fit parameters:
                g      h      
g               1.000 
h              -0.833  1.000 


*******************************************************************************
Sat Mar 14 00:13:31 2015


FIT:    data read from 'StickstoffAlHeizen.dat' u 1:(T($2)):(U($2)*V)
        format = x:z:s
        #datapoints = 31
function used for fitting: I(x)
	I(x)=i*x+j
fitted parameters initialized with current variable values

iter      chisq       delta/lim  lambda   i             j            
   0 2.2966620238e+06  0.00e+00 1.29e+01  1.000000e+00  1.000000e+00
   5 1.3071953672e+01 -1.54e-09 1.29e-04  4.490758e+00 -1.595334e+02

After 5 iterations the fit converged.
final sum of squares of residuals : 13.072
rel. change during last iteration : -1.53556e-014

degrees of freedom    (FIT_NDF)                        : 29
rms of residuals      (FIT_STDFIT) = sqrt(WSSR/ndf)    : 0.671384
variance of residuals (reduced chisquare) = WSSR/ndf   : 0.450757
p-value of the Chisq distribution (FIT_P)              : 0.995159

Final set of parameters            Asymptotic Standard Error
=======================            ==========================
i               = 4.49076          +/- 0.01332      (0.2965%)
j               = -159.533         +/- 0.1193       (0.0748%)

correlation matrix of the fit parameters:
                i      j      
i               1.000 
j              -0.867  1.000 


*******************************************************************************
Sat Mar 14 00:13:31 2015


FIT:    data read from 'StickstoffBeHeizen.dat' u 1:(T($2)):(U($2)*V)
        format = x:z:s
        #datapoints = 31
function used for fitting: K(x)
	K(x)=k*x+l
fitted parameters initialized with current variable values

iter      chisq       delta/lim  lambda   k             l            
   0 2.2388686183e+06  0.00e+00 1.31e+01  1.000000e+00  1.000000e+00
   4 2.5571782842e+03 -2.29e-02 1.31e-03  6.526781e+00 -1.721738e+02

After 4 iterations the fit converged.
final sum of squares of residuals : 2557.18
rel. change during last iteration : -2.29139e-007

degrees of freedom    (FIT_NDF)                        : 29
rms of residuals      (FIT_STDFIT) = sqrt(WSSR/ndf)    : 9.39034
variance of residuals (reduced chisquare) = WSSR/ndf   : 88.1786
p-value of the Chisq distribution (FIT_P)              : 0

Final set of parameters            Asymptotic Standard Error
=======================            ==========================
k               = 6.52678          +/- 0.1866       (2.859%)
l               = -172.174         +/- 1.689        (0.9809%)

correlation matrix of the fit parameters:
                k      l      
k               1.000 
l              -0.872  1.000 


*******************************************************************************
Sat Mar 14 00:13:31 2015


FIT:    data read from 'StickstoffAlKuehlen.dat' u 1:(log(T($2))):(U($2)*V/T($2))
        format = x:z:s
        #datapoints = 20
function used for fitting: M(x)
	M(x)=m*x+n
fitted parameters initialized with current variable values

iter      chisq       delta/lim  lambda   m             n            
   0 1.0594036375e+08  0.00e+00 2.20e+03  1.000000e+00  1.000000e+00
   5 3.5860757875e+02 -4.73e-08 2.20e-02  1.739992e-02  4.589646e+00

After 5 iterations the fit converged.
final sum of squares of residuals : 358.608
rel. change during last iteration : -4.73157e-013

degrees of freedom    (FIT_NDF)                        : 18
rms of residuals      (FIT_STDFIT) = sqrt(WSSR/ndf)    : 4.46348
variance of residuals (reduced chisquare) = WSSR/ndf   : 19.9226
p-value of the Chisq distribution (FIT_P)              : 0

Final set of parameters            Asymptotic Standard Error
=======================            ==========================
m               = 0.0173999        +/- 0.0007269    (4.178%)
n               = 4.58965          +/- 0.009279     (0.2022%)

correlation matrix of the fit parameters:
                m      n      
m               1.000 
n              -0.897  1.000 


*******************************************************************************
Sat Mar 14 00:13:31 2015


FIT:    data read from 'StickstoffBeKuehlen.dat' u 1:(log(T($2))):(U($2)*V/T($2))
        format = x:z:s
        #datapoints = 21
function used for fitting: O(x)
	O(x)=o*x+p
fitted parameters initialized with current variable values

iter      chisq       delta/lim  lambda   o             p            
   0 1.3315719145e+07  0.00e+00 1.07e+03  1.000000e+00  1.000000e+00
   4 3.6183188743e+02 -3.45e-01 1.07e-01  5.241493e-02  4.437178e+00

After 4 iterations the fit converged.
final sum of squares of residuals : 361.832
rel. change during last iteration : -3.45315e-006

degrees of freedom    (FIT_NDF)                        : 19
rms of residuals      (FIT_STDFIT) = sqrt(WSSR/ndf)    : 4.36392
variance of residuals (reduced chisquare) = WSSR/ndf   : 19.0438
p-value of the Chisq distribution (FIT_P)              : 0

Final set of parameters            Asymptotic Standard Error
=======================            ==========================
o               = 0.0524149        +/- 0.001411     (2.691%)
p               = 4.43718          +/- 0.009149     (0.2062%)

correlation matrix of the fit parameters:
                o      p      
o               1.000 
p              -0.893  1.000 


*******************************************************************************
Sat Mar 14 00:16:17 2015


FIT:    data read from 'heizenAl.dat' u 1:(T($2)):(U($2)*V)
        format = x:z:s
        #datapoints = 7
function used for fitting: A(x)
	A(x)=a*x+b
fitted parameters initialized with current variable values

iter      chisq       delta/lim  lambda   a             b            
   0 3.7556560958e+00  0.00e+00 7.44e+01  1.817270e+01  2.236047e+01
   1 3.7556560958e+00 -9.46e-11 7.44e+00  1.817270e+01  2.236047e+01

After 1 iterations the fit converged.
final sum of squares of residuals : 3.75566
rel. change during last iteration : -9.45964e-016

degrees of freedom    (FIT_NDF)                        : 5
rms of residuals      (FIT_STDFIT) = sqrt(WSSR/ndf)    : 0.866678
variance of residuals (reduced chisquare) = WSSR/ndf   : 0.751131
p-value of the Chisq distribution (FIT_P)              : 0.585104

Final set of parameters            Asymptotic Standard Error
=======================            ==========================
a               = 18.1727          +/- 0.1254       (0.6903%)
b               = 22.3605          +/- 0.2309       (1.033%)

correlation matrix of the fit parameters:
                a      b      
a               1.000 
b              -0.840  1.000 


*******************************************************************************
Sat Mar 14 00:16:17 2015


FIT:    data read from 'heizenBe.dat' u 1:(T($2)):(U($2)*V)
        format = x:z:s
        #datapoints = 11
function used for fitting: C(x)
	C(x)=c*x+d
fitted parameters initialized with current variable values

iter      chisq       delta/lim  lambda   c             d            
   0 7.3997037229e+00  0.00e+00 7.15e+01  1.130793e+01  1.847285e+01
   1 7.3997037229e+00 -2.52e-10 7.15e+01  1.130793e+01  1.847285e+01

After 1 iterations the fit converged.
final sum of squares of residuals : 7.3997
rel. change during last iteration : -2.52061e-015

degrees of freedom    (FIT_NDF)                        : 9
rms of residuals      (FIT_STDFIT) = sqrt(WSSR/ndf)    : 0.906747
variance of residuals (reduced chisquare) = WSSR/ndf   : 0.822189
p-value of the Chisq distribution (FIT_P)              : 0.595579

Final set of parameters            Asymptotic Standard Error
=======================            ==========================
c               = 11.3079          +/- 0.06646      (0.5877%)
d               = 18.4729          +/- 0.2006       (1.086%)

correlation matrix of the fit parameters:
                c      d      
c               1.000 
d              -0.852  1.000 


*******************************************************************************
Sat Mar 14 00:16:18 2015


FIT:    data read from 'kuehlenAl.dat' u 1:(log(T($2))):(U($2)*V/T($2))
        format = x:z:s
        #datapoints = 20
function used for fitting: E(x)
	E(x)=e*x+f
fitted parameters initialized with current variable values

iter      chisq       delta/lim  lambda   e             f            
   0 1.4471032247e+01  0.00e+00 5.14e+02 -3.749223e-02  4.328811e+00
   1 1.4471032247e+01 -1.26e-09 5.14e+02 -3.749223e-02  4.328811e+00

After 1 iterations the fit converged.
final sum of squares of residuals : 14.471
rel. change during last iteration : -1.26435e-014

degrees of freedom    (FIT_NDF)                        : 18
rms of residuals      (FIT_STDFIT) = sqrt(WSSR/ndf)    : 0.89663
variance of residuals (reduced chisquare) = WSSR/ndf   : 0.803946
p-value of the Chisq distribution (FIT_P)              : 0.69791

Final set of parameters            Asymptotic Standard Error
=======================            ==========================
e               = -0.0374922       +/- 0.0004188    (1.117%)
f               = 4.32881          +/- 0.002262     (0.05225%)

correlation matrix of the fit parameters:
                e      f      
e               1.000 
f              -0.849  1.000 


*******************************************************************************
Sat Mar 14 00:16:18 2015


FIT:    data read from 'kuehlenBe.dat' u 1:(log(T($2))):(U($2)*V/T($2))
        format = x:z:s
        #datapoints = 21
function used for fitting: G(x)
	G(x)=g*x+h
fitted parameters initialized with current variable values

iter      chisq       delta/lim  lambda   g             h            
   0 9.5574905312e+00  0.00e+00 5.68e+02 -2.274662e-02  4.342827e+00
   1 9.5574905312e+00 -1.52e-09 5.68e+02 -2.274662e-02  4.342827e+00

After 1 iterations the fit converged.
final sum of squares of residuals : 9.55749
rel. change during last iteration : -1.52405e-014

degrees of freedom    (FIT_NDF)                        : 19
rms of residuals      (FIT_STDFIT) = sqrt(WSSR/ndf)    : 0.709243
variance of residuals (reduced chisquare) = WSSR/ndf   : 0.503026
p-value of the Chisq distribution (FIT_P)              : 0.963031

Final set of parameters            Asymptotic Standard Error
=======================            ==========================
g               = -0.0227466       +/- 0.0002774    (1.22%)
h               = 4.34283          +/- 0.001515     (0.03488%)

correlation matrix of the fit parameters:
                g      h      
g               1.000 
h              -0.833  1.000 


*******************************************************************************
Sat Mar 14 00:16:18 2015


FIT:    data read from 'StickstoffAlHeizen.dat' u 1:(T($2)):(U($2)*V)
        format = x:z:s
        #datapoints = 31
function used for fitting: I(x)
	I(x)=i*x+j
fitted parameters initialized with current variable values

iter      chisq       delta/lim  lambda   i             j            
   0 1.3071953672e+01  0.00e+00 2.36e+02  4.490758e+00 -1.595334e+02
   1 1.3071953672e+01 -1.36e-10 2.36e+01  4.490758e+00 -1.595334e+02

After 1 iterations the fit converged.
final sum of squares of residuals : 13.072
rel. change during last iteration : -1.35891e-015

degrees of freedom    (FIT_NDF)                        : 29
rms of residuals      (FIT_STDFIT) = sqrt(WSSR/ndf)    : 0.671384
variance of residuals (reduced chisquare) = WSSR/ndf   : 0.450757
p-value of the Chisq distribution (FIT_P)              : 0.995159

Final set of parameters            Asymptotic Standard Error
=======================            ==========================
i               = 4.49076          +/- 0.01332      (0.2965%)
j               = -159.533         +/- 0.1193       (0.0748%)

correlation matrix of the fit parameters:
                i      j      
i               1.000 
j              -0.867  1.000 


*******************************************************************************
Sat Mar 14 00:16:18 2015


FIT:    data read from 'StickstoffBeHeizen.dat' u 1:(T($2)):(U($2)*V)
        format = x:z:s
        #datapoints = 31
function used for fitting: K(x)
	K(x)=k*x+l
fitted parameters initialized with current variable values

iter      chisq       delta/lim  lambda   k             l            
   0 2.5571782842e+03  0.00e+00 2.62e+02  6.526781e+00 -1.721738e+02
   1 2.5571782842e+03 -8.89e-11 2.62e+01  6.526781e+00 -1.721738e+02

After 1 iterations the fit converged.
final sum of squares of residuals : 2557.18
rel. change during last iteration : -8.89158e-016

degrees of freedom    (FIT_NDF)                        : 29
rms of residuals      (FIT_STDFIT) = sqrt(WSSR/ndf)    : 9.39034
variance of residuals (reduced chisquare) = WSSR/ndf   : 88.1786
p-value of the Chisq distribution (FIT_P)              : 0

Final set of parameters            Asymptotic Standard Error
=======================            ==========================
k               = 6.52678          +/- 0.1866       (2.859%)
l               = -172.174         +/- 1.689        (0.9809%)

correlation matrix of the fit parameters:
                k      l      
k               1.000 
l              -0.872  1.000 


*******************************************************************************
Sat Mar 14 00:16:18 2015


FIT:    data read from 'StickstoffAlKuehlen.dat' u 1:(log(T($2))):(U($2)*V/T($2))
        format = x:z:s
        #datapoints = 20
function used for fitting: M(x)
	M(x)=m*x+n
fitted parameters initialized with current variable values

iter      chisq       delta/lim  lambda   m             n            
   0 3.5860757875e+02  0.00e+00 7.91e+02  1.739992e-02  4.589646e+00
   1 3.5860757875e+02  0.00e+00 7.91e+02  1.739992e-02  4.589646e+00

After 1 iterations the fit converged.
final sum of squares of residuals : 358.608
rel. change during last iteration : 0

degrees of freedom    (FIT_NDF)                        : 18
rms of residuals      (FIT_STDFIT) = sqrt(WSSR/ndf)    : 4.46348
variance of residuals (reduced chisquare) = WSSR/ndf   : 19.9226
p-value of the Chisq distribution (FIT_P)              : 0

Final set of parameters            Asymptotic Standard Error
=======================            ==========================
m               = 0.0173999        +/- 0.0007269    (4.178%)
n               = 4.58965          +/- 0.009279     (0.2022%)

correlation matrix of the fit parameters:
                m      n      
m               1.000 
n              -0.897  1.000 


*******************************************************************************
Sat Mar 14 00:16:18 2015


FIT:    data read from 'StickstoffBeKuehlen.dat' u 1:(log(T($2))):(U($2)*V/T($2))
        format = x:z:s
        #datapoints = 21
function used for fitting: O(x)
	O(x)=o*x+p
fitted parameters initialized with current variable values

iter      chisq       delta/lim  lambda   o             p            
   0 3.6183188743e+02  0.00e+00 7.28e+02  5.241493e-02  4.437178e+00
   1 3.6183188743e+02  0.00e+00 7.28e+03  5.241493e-02  4.437178e+00

After 1 iterations the fit converged.
final sum of squares of residuals : 361.832
rel. change during last iteration : 0

degrees of freedom    (FIT_NDF)                        : 19
rms of residuals      (FIT_STDFIT) = sqrt(WSSR/ndf)    : 4.36392
variance of residuals (reduced chisquare) = WSSR/ndf   : 19.0438
p-value of the Chisq distribution (FIT_P)              : 0

Final set of parameters            Asymptotic Standard Error
=======================            ==========================
o               = 0.0524149        +/- 0.001411     (2.691%)
p               = 4.43718          +/- 0.009149     (0.2062%)

correlation matrix of the fit parameters:
                o      p      
o               1.000 
p              -0.893  1.000 
