

*******************************************************************************
Tue Mar 17 22:40:52 2015


FIT:    data read from 'heizenAl.dat' u (T($2)):(3*(10.5+0.25*$0)/0.5):(1.2/0.5)
        format = x:z:s
        #datapoints = 7
function used for fitting: A(x)
	A(x)=a*x+b
fitted parameters initialized with current variable values

iter      chisq       delta/lim  lambda   a             b            
   0 8.0091994038e+04  0.00e+00 9.52e+01  1.000000e+00  1.000000e+00
   7 2.5459620807e-03 -3.84e-04 9.52e-06  1.649589e-01  1.425642e+01

After 7 iterations the fit converged.
final sum of squares of residuals : 0.00254596
rel. change during last iteration : -3.83892e-009

degrees of freedom    (FIT_NDF)                        : 5
rms of residuals      (FIT_STDFIT) = sqrt(WSSR/ndf)    : 0.0225653
variance of residuals (reduced chisquare) = WSSR/ndf   : 0.000509192
p-value of the Chisq distribution (FIT_P)              : 1

Final set of parameters            Asymptotic Standard Error
=======================            ==========================
a               = 0.164959         +/- 0.001126     (0.6824%)
b               = 14.2564          +/- 0.3639       (2.553%)

correlation matrix of the fit parameters:
                a      b      
a               1.000 
b              -0.998  1.000 


*******************************************************************************
Tue Mar 17 22:40:52 2015


FIT:    data read from 'heizenBe.dat' u (T($2)):(3*$3/0.5):(1.2/0.5)
        format = x:z:s
        #datapoints = 11
function used for fitting: C(x)
	C(x)=c*x+d
fitted parameters initialized with current variable values

iter      chisq       delta/lim  lambda   c             d            
   0 1.1215699794e+05  0.00e+00 9.44e+01  1.000000e+00  1.000000e+00
   7 5.3177415678e-01 -6.78e-07 9.44e-06  3.020571e-01 -1.775285e+01

After 7 iterations the fit converged.
final sum of squares of residuals : 0.531774
rel. change during last iteration : -6.78254e-012

degrees of freedom    (FIT_NDF)                        : 9
rms of residuals      (FIT_STDFIT) = sqrt(WSSR/ndf)    : 0.243076
variance of residuals (reduced chisquare) = WSSR/ndf   : 0.059086
p-value of the Chisq distribution (FIT_P)              : 0.99996

Final set of parameters            Asymptotic Standard Error
=======================            ==========================
c               = 0.302057         +/- 0.00983      (3.254%)
d               = -17.7528         +/- 3.149        (17.74%)

correlation matrix of the fit parameters:
                c      d      
c               1.000 
d              -0.998  1.000 


*******************************************************************************
Tue Mar 17 22:40:53 2015


FIT:    data read from 'stickstoffAlHeizen.dat' u (T($2)):($3/0.5):(0.4/0.5)
        format = x:z:s
        #datapoints = 30
function used for fitting: E(x)
	E(x)=e*x+f
fitted parameters initialized with current variable values

iter      chisq       delta/lim  lambda   e             f            
   0 7.4539190084e+05  0.00e+00 1.30e+02  1.000000e+00  1.000000e+00
   6 8.6425638918e+00 -3.80e-05 1.30e-04  2.934339e-01 -2.107681e+01

After 6 iterations the fit converged.
final sum of squares of residuals : 8.64256
rel. change during last iteration : -3.80231e-010

degrees of freedom    (FIT_NDF)                        : 28
rms of residuals      (FIT_STDFIT) = sqrt(WSSR/ndf)    : 0.555574
variance of residuals (reduced chisquare) = WSSR/ndf   : 0.308663
p-value of the Chisq distribution (FIT_P)              : 0.999832

Final set of parameters            Asymptotic Standard Error
=======================            ==========================
e               = 0.293434         +/- 0.00418      (1.425%)
f               = -21.0768         +/- 0.6163       (2.924%)

correlation matrix of the fit parameters:
                e      f      
e               1.000 
f              -0.991  1.000 


*******************************************************************************
Tue Mar 17 22:40:53 2015


FIT:    data read from 'stickstoffBeHeizen.dat' u (T($2)+T(0.88)):($3/0.5):($4/0.5)
        format = x:z:s
        #datapoints = 30
function used for fitting: G(x)
	G(x)=g*x+h
fitted parameters initialized with current variable values

iter      chisq       delta/lim  lambda   g             h            
   0 2.8942468004e+06  0.00e+00 2.34e+02  1.000000e+00  1.000000e+00
   7 1.5104464252e+01 -3.76e-07 2.34e-05  3.268873e-01 -1.094663e+02

After 7 iterations the fit converged.
final sum of squares of residuals : 15.1045
rel. change during last iteration : -3.76206e-012

degrees of freedom    (FIT_NDF)                        : 28
rms of residuals      (FIT_STDFIT) = sqrt(WSSR/ndf)    : 0.734469
variance of residuals (reduced chisquare) = WSSR/ndf   : 0.539445
p-value of the Chisq distribution (FIT_P)              : 0.977312

Final set of parameters            Asymptotic Standard Error
=======================            ==========================
g               = 0.326887         +/- 0.006673     (2.041%)
h               = -109.466         +/- 2.766        (2.526%)

correlation matrix of the fit parameters:
                g      h      
g               1.000 
h              -0.998  1.000 


*******************************************************************************
Tue Mar 17 22:46:07 2015


FIT:    data read from 'heizenAl.dat' u (T($2)):(3*(10.5+0.25*$0)/0.5):(1.2/0.5)
        format = x:z:s
        #datapoints = 7
function used for fitting: A(x)
	A(x)=a*x+b
fitted parameters initialized with current variable values

iter      chisq       delta/lim  lambda   a             b            
   0 2.5459620807e-03  0.00e+00 1.63e+01  1.649589e-01  1.425642e+01
   1 2.5459620807e-03 -2.49e-09 1.63e+00  1.649589e-01  1.425642e+01

After 1 iterations the fit converged.
final sum of squares of residuals : 0.00254596
rel. change during last iteration : -2.48697e-014

degrees of freedom    (FIT_NDF)                        : 5
rms of residuals      (FIT_STDFIT) = sqrt(WSSR/ndf)    : 0.0225653
variance of residuals (reduced chisquare) = WSSR/ndf   : 0.000509192
p-value of the Chisq distribution (FIT_P)              : 1

Final set of parameters            Asymptotic Standard Error
=======================            ==========================
a               = 0.164959         +/- 0.001126     (0.6824%)
b               = 14.2564          +/- 0.3639       (2.553%)

correlation matrix of the fit parameters:
                a      b      
a               1.000 
b              -0.998  1.000 


*******************************************************************************
Tue Mar 17 22:46:07 2015


FIT:    data read from 'heizenBe.dat' u (T($2)):(3*$3/0.5):(1.2/0.5)
        format = x:z:s
        #datapoints = 11
function used for fitting: C(x)
	C(x)=c*x+d
fitted parameters initialized with current variable values

iter      chisq       delta/lim  lambda   c             d            
   0 5.3177415678e-01  0.00e+00 2.90e+01  3.020571e-01 -1.775285e+01
   1 5.3177415678e-01 -1.42e-09 2.90e+00  3.020571e-01 -1.775285e+01

After 1 iterations the fit converged.
final sum of squares of residuals : 0.531774
rel. change during last iteration : -1.41968e-014

degrees of freedom    (FIT_NDF)                        : 9
rms of residuals      (FIT_STDFIT) = sqrt(WSSR/ndf)    : 0.243076
variance of residuals (reduced chisquare) = WSSR/ndf   : 0.059086
p-value of the Chisq distribution (FIT_P)              : 0.99996

Final set of parameters            Asymptotic Standard Error
=======================            ==========================
c               = 0.302057         +/- 0.00983      (3.254%)
d               = -17.7528         +/- 3.149        (17.74%)

correlation matrix of the fit parameters:
                c      d      
c               1.000 
d              -0.998  1.000 


*******************************************************************************
Tue Mar 17 22:46:07 2015


FIT:    data read from 'stickstoffAlHeizen.dat' u (T($2)):($3/0.5):(0.4/0.5)
        format = x:z:s
        #datapoints = 30
function used for fitting: E(x)
	E(x)=e*x+f
fitted parameters initialized with current variable values

iter      chisq       delta/lim  lambda   e             f            
   0 8.6425638918e+00  0.00e+00 4.25e+01  2.934339e-01 -2.107681e+01
   1 8.6425638918e+00 -1.44e-10 4.25e+00  2.934339e-01 -2.107681e+01

After 1 iterations the fit converged.
final sum of squares of residuals : 8.64256
rel. change during last iteration : -1.43875e-015

degrees of freedom    (FIT_NDF)                        : 28
rms of residuals      (FIT_STDFIT) = sqrt(WSSR/ndf)    : 0.555574
variance of residuals (reduced chisquare) = WSSR/ndf   : 0.308663
p-value of the Chisq distribution (FIT_P)              : 0.999832

Final set of parameters            Asymptotic Standard Error
=======================            ==========================
e               = 0.293434         +/- 0.00418      (1.425%)
f               = -21.0768         +/- 0.6163       (2.924%)

correlation matrix of the fit parameters:
                e      f      
e               1.000 
f              -0.991  1.000 


*******************************************************************************
Tue Mar 17 22:46:07 2015


FIT:    data read from 'stickstoffBeHeizen.dat' u (T($2)+T_alt(0.88)):($3/0.5):($4/0.5)
        format = x:z:s
        #datapoints = 30
function used for fitting: G(x)
	G(x)=g*x+h
fitted parameters initialized with current variable values

iter      chisq       delta/lim  lambda   g             h            
   0 1.5226913090e+05  0.00e+00 6.71e+01  3.268873e-01 -1.094663e+02
   4 1.5104464252e+01 -1.23e-04 6.71e-03  3.268873e-01 -2.017706e+01

After 4 iterations the fit converged.
final sum of squares of residuals : 15.1045
rel. change during last iteration : -1.22906e-009

degrees of freedom    (FIT_NDF)                        : 28
rms of residuals      (FIT_STDFIT) = sqrt(WSSR/ndf)    : 0.734469
variance of residuals (reduced chisquare) = WSSR/ndf   : 0.539445
p-value of the Chisq distribution (FIT_P)              : 0.977312

Final set of parameters            Asymptotic Standard Error
=======================            ==========================
g               = 0.326887         +/- 0.006673     (2.041%)
h               = -20.1771         +/- 0.9527       (4.722%)

correlation matrix of the fit parameters:
                g      h      
g               1.000 
h              -0.984  1.000 


*******************************************************************************
Tue Mar 17 23:04:34 2015


FIT:    data read from 'heizenAl.dat' u (T($2)):(3*(10.5+0.25*$0)/0.5):(1.2/0.5)
        format = x:z:s
        x range restricted to [0.00000 : *]
        #datapoints = 7
function used for fitting: A(x)
	A(x)=a*x+b
fitted parameters initialized with current variable values

iter      chisq       delta/lim  lambda   a             b            
   0 1.8792888594e+11  0.00e+00 9.17e+04  3.028784e+02  2.955105e+05
   6 2.5459620807e-03 -7.30e-08 9.17e-02  1.649589e-01  1.425642e+01

After 6 iterations the fit converged.
final sum of squares of residuals : 0.00254596
rel. change during last iteration : -7.29739e-013

degrees of freedom    (FIT_NDF)                        : 5
rms of residuals      (FIT_STDFIT) = sqrt(WSSR/ndf)    : 0.0225653
variance of residuals (reduced chisquare) = WSSR/ndf   : 0.000509192
p-value of the Chisq distribution (FIT_P)              : 1

Final set of parameters            Asymptotic Standard Error
=======================            ==========================
a               = 0.164959         +/- 0.001126     (0.6824%)
b               = 14.2564          +/- 0.3639       (2.553%)

correlation matrix of the fit parameters:
                a      b      
a               1.000 
b              -0.998  1.000 


*******************************************************************************
Tue Mar 17 23:04:34 2015


FIT:    data read from 'heizenBe.dat' u (T($2)):(3*$3/0.5):(1.2/0.5)
        format = x:z:s
        x range restricted to [0.00000 : *]
        #datapoints = 11
function used for fitting: C(x)
	C(x)=c*x+d
fitted parameters initialized with current variable values

iter      chisq       delta/lim  lambda   c             d            
   0 2.3641881271e+11  0.00e+00 8.77e+04  1.884656e+02  2.916229e+05
   6 5.3177415678e-01 -3.32e-09 8.77e-02  3.020571e-01 -1.775285e+01

After 6 iterations the fit converged.
final sum of squares of residuals : 0.531774
rel. change during last iteration : -3.31956e-014

degrees of freedom    (FIT_NDF)                        : 9
rms of residuals      (FIT_STDFIT) = sqrt(WSSR/ndf)    : 0.243076
variance of residuals (reduced chisquare) = WSSR/ndf   : 0.059086
p-value of the Chisq distribution (FIT_P)              : 0.99996

Final set of parameters            Asymptotic Standard Error
=======================            ==========================
c               = 0.302057         +/- 0.00983      (3.254%)
d               = -17.7528         +/- 3.149        (17.74%)

correlation matrix of the fit parameters:
                c      d      
c               1.000 
d              -0.998  1.000 


*******************************************************************************
Tue Mar 17 23:04:34 2015


FIT:    data read from 'stickstoffAlHeizen.dat' u (T($2)):($3/0.5):(0.4/0.5)
        format = x:z:s
        x range restricted to [0.00000 : *]
        #datapoints = 30
function used for fitting: E(x)
	E(x)=e*x+f
fitted parameters initialized with current variable values

iter      chisq       delta/lim  lambda   e             f            
   0 7.2612806286e+12  0.00e+00 3.59e+05 -8.776092e+01  4.064285e+05
   6 8.6425638918e+00 -8.44e-07 3.59e-01  2.934339e-01 -2.107681e+01

After 6 iterations the fit converged.
final sum of squares of residuals : 8.64256
rel. change during last iteration : -8.43601e-012

degrees of freedom    (FIT_NDF)                        : 28
rms of residuals      (FIT_STDFIT) = sqrt(WSSR/ndf)    : 0.555574
variance of residuals (reduced chisquare) = WSSR/ndf   : 0.308663
p-value of the Chisq distribution (FIT_P)              : 0.999832

Final set of parameters            Asymptotic Standard Error
=======================            ==========================
e               = 0.293434         +/- 0.00418      (1.425%)
f               = -21.0768         +/- 0.6163       (2.924%)

correlation matrix of the fit parameters:
                e      f      
e               1.000 
f              -0.991  1.000 


*******************************************************************************
Tue Mar 17 23:04:34 2015


FIT:    data read from 'stickstoffBeHeizen.dat' u (T($2)+T_alt(0.88)):($3/0.5):($4/0.5)
        format = x:z:s
        x range restricted to [0.00000 : *]
        #datapoints = 30
function used for fitting: G(x)
	G(x)=g*x+h
fitted parameters initialized with current variable values

iter      chisq       delta/lim  lambda   g             h            
   0 3.0641401765e+12  0.00e+00 2.30e+05 -5.129417e+01  4.077942e+05
   6 1.5104464252e+01 -3.03e-06 2.30e-01  3.268873e-01 -2.017706e+01

After 6 iterations the fit converged.
final sum of squares of residuals : 15.1045
rel. change during last iteration : -3.03038e-011

degrees of freedom    (FIT_NDF)                        : 28
rms of residuals      (FIT_STDFIT) = sqrt(WSSR/ndf)    : 0.734469
variance of residuals (reduced chisquare) = WSSR/ndf   : 0.539445
p-value of the Chisq distribution (FIT_P)              : 0.977312

Final set of parameters            Asymptotic Standard Error
=======================            ==========================
g               = 0.326887         +/- 0.006673     (2.041%)
h               = -20.1771         +/- 0.9527       (4.722%)

correlation matrix of the fit parameters:
                g      h      
g               1.000 
h              -0.984  1.000 


*******************************************************************************
Tue Mar 17 23:11:26 2015


FIT:    data read from 'heizenAl.dat' u (T($2)):(3*(10.5+0.25*$0)/0.5):(1.2/0.5)
        format = x:z:s
        x range restricted to [0.00000 : *]
        #datapoints = 7
function used for fitting: A(x)
	A(x)=a*x+b
fitted parameters initialized with current variable values

iter      chisq       delta/lim  lambda   a             b            
   0 2.5459620807e-03  0.00e+00 1.63e+01  1.649589e-01  1.425642e+01
   1 2.5459620807e-03 -2.71e-09 1.63e+00  1.649589e-01  1.425642e+01

After 1 iterations the fit converged.
final sum of squares of residuals : 0.00254596
rel. change during last iteration : -2.70842e-014

degrees of freedom    (FIT_NDF)                        : 5
rms of residuals      (FIT_STDFIT) = sqrt(WSSR/ndf)    : 0.0225653
variance of residuals (reduced chisquare) = WSSR/ndf   : 0.000509192
p-value of the Chisq distribution (FIT_P)              : 1

Final set of parameters            Asymptotic Standard Error
=======================            ==========================
a               = 0.164959         +/- 0.001126     (0.6824%)
b               = 14.2564          +/- 0.3639       (2.553%)

correlation matrix of the fit parameters:
                a      b      
a               1.000 
b              -0.998  1.000 


*******************************************************************************
Tue Mar 17 23:11:26 2015


FIT:    data read from 'heizenBe.dat' u (T($2)):(3*$3/0.5):(1.2/0.5)
        format = x:z:s
        x range restricted to [0.00000 : *]
        #datapoints = 11
function used for fitting: C(x)
	C(x)=c*x+d
fitted parameters initialized with current variable values

iter      chisq       delta/lim  lambda   c             d            
   0 5.3177415678e-01  0.00e+00 2.90e+01  3.020571e-01 -1.775285e+01
   1 5.3177415678e-01  0.00e+00 2.90e+01  3.020571e-01 -1.775285e+01

After 1 iterations the fit converged.
final sum of squares of residuals : 0.531774
rel. change during last iteration : 0

degrees of freedom    (FIT_NDF)                        : 9
rms of residuals      (FIT_STDFIT) = sqrt(WSSR/ndf)    : 0.243076
variance of residuals (reduced chisquare) = WSSR/ndf   : 0.059086
p-value of the Chisq distribution (FIT_P)              : 0.99996

Final set of parameters            Asymptotic Standard Error
=======================            ==========================
c               = 0.302057         +/- 0.00983      (3.254%)
d               = -17.7528         +/- 3.149        (17.74%)

correlation matrix of the fit parameters:
                c      d      
c               1.000 
d              -0.998  1.000 


*******************************************************************************
Tue Mar 17 23:11:26 2015


FIT:    data read from 'stickstoffAlHeizen.dat' u (T($2)):($3/0.5):(0.4/0.5)
        format = x:z:s
        x range restricted to [0.00000 : *]
        #datapoints = 30
function used for fitting: E(x)
	E(x)=e*x+f
fitted parameters initialized with current variable values

iter      chisq       delta/lim  lambda   e             f            
   0 8.6425638918e+00  0.00e+00 4.25e+01  2.934339e-01 -2.107681e+01
   1 8.6425638918e+00  0.00e+00 4.25e+02  2.934339e-01 -2.107681e+01

After 1 iterations the fit converged.
final sum of squares of residuals : 8.64256
rel. change during last iteration : 0

degrees of freedom    (FIT_NDF)                        : 28
rms of residuals      (FIT_STDFIT) = sqrt(WSSR/ndf)    : 0.555574
variance of residuals (reduced chisquare) = WSSR/ndf   : 0.308663
p-value of the Chisq distribution (FIT_P)              : 0.999832

Final set of parameters            Asymptotic Standard Error
=======================            ==========================
e               = 0.293434         +/- 0.00418      (1.425%)
f               = -21.0768         +/- 0.6163       (2.924%)

correlation matrix of the fit parameters:
                e      f      
e               1.000 
f              -0.991  1.000 


*******************************************************************************
Tue Mar 17 23:11:26 2015


FIT:    data read from 'stickstoffBeHeizen.dat' u (T($2)+T_alt(0.88)):($3/0.5):($4/0.5)
        format = x:z:s
        x range restricted to [0.00000 : *]
        #datapoints = 30
function used for fitting: G(x)
	G(x)=g*x+h
fitted parameters initialized with current variable values

iter      chisq       delta/lim  lambda   g             h            
   0 1.5104464252e+01  0.00e+00 2.87e+01  3.268873e-01 -2.017706e+01
   1 1.5104464252e+01  0.00e+00 2.87e+02  3.268873e-01 -2.017706e+01

After 1 iterations the fit converged.
final sum of squares of residuals : 15.1045
rel. change during last iteration : 0

degrees of freedom    (FIT_NDF)                        : 28
rms of residuals      (FIT_STDFIT) = sqrt(WSSR/ndf)    : 0.734469
variance of residuals (reduced chisquare) = WSSR/ndf   : 0.539445
p-value of the Chisq distribution (FIT_P)              : 0.977312

Final set of parameters            Asymptotic Standard Error
=======================            ==========================
g               = 0.326887         +/- 0.006673     (2.041%)
h               = -20.1771         +/- 0.9527       (4.722%)

correlation matrix of the fit parameters:
                g      h      
g               1.000 
h              -0.984  1.000 
